<?xml version="1.0" encoding="UTF-8"?>
<!-- Generated by org.testng.reporters.JUnitReportReporter -->
<testsuite skipped="0" hostname="Dennis-PC" name="testRunner.TestRunner" tests="1" failures="0" timestamp="2022-12-05T16:28:45 ICT" time="15.823" errors="0">
  <testcase name="runScenario" time="15.823" classname="testRunner.TestRunner"/>
  <system-out/>
</testsuite> <!-- testRunner.TestRunner -->
